<?xml version="1.0" encoding="UTF-8"?>
<robot generator="Robot 7.2.2 (Python 3.13.2 on win32)" generated="2025-04-08T15:24:24.970494" rpa="false" schemaversion="5">
<suite id="s1" name="Tests" source="C:\Users\IB\Desktop\dev\TP\RobotFrameWork\POM\tests">
<suite id="s1-s1" name="CheckoutPageTest" source="C:\Users\IB\Desktop\dev\TP\RobotFrameWork\POM\tests\CheckoutPageTest.robot">
<test id="s1-s1-t1" name="Complete Checkout Process Should Show Confirmation" line="13">
<kw name="Mon Setup" owner="SetupTeardow" type="SETUP">
<kw name="Open Login Page" owner="LoginPage">
<kw name="Open Browser" owner="SeleniumLibrary">
<msg time="2025-04-08T15:24:25.177056" level="INFO">Opening browser 'headlesschrome' to base url 'https://www.saucedemo.com'.</msg>
<arg>${URL}</arg>
<arg>${BROWSER}</arg>
<doc>Opens a new browser instance to the optional ``url``.</doc>
<status status="PASS" start="2025-04-08T15:24:25.176883" elapsed="2.059997"/>
</kw>
<kw name="Maximize Browser Window" owner="SeleniumLibrary">
<doc>Maximizes current browser window.</doc>
<status status="PASS" start="2025-04-08T15:24:27.237102" elapsed="0.027995"/>
</kw>
<status status="PASS" start="2025-04-08T15:24:25.176458" elapsed="2.088764"/>
</kw>
<status status="PASS" start="2025-04-08T15:24:25.176194" elapsed="2.089079"/>
</kw>
<kw name="Login With Valid Credentials" owner="LoginPage">
<kw name="Insert Username" owner="LoginPage">
<kw name="Input Text" owner="SeleniumLibrary">
<msg time="2025-04-08T15:24:27.266391" level="INFO">Typing text 'standard_user' into text field 'id=user-name'.</msg>
<arg>${LOGIN_USERNAME}</arg>
<arg>${username}</arg>
<doc>Types the given ``text`` into the text field identified by ``locator``.</doc>
<status status="PASS" start="2025-04-08T15:24:27.266115" elapsed="0.063260"/>
</kw>
<arg>${VALID_USERNAME}</arg>
<status status="PASS" start="2025-04-08T15:24:27.265924" elapsed="0.063580"/>
</kw>
<kw name="Insert Password" owner="LoginPage">
<kw name="Input Text" owner="SeleniumLibrary">
<msg time="2025-04-08T15:24:27.330133" level="INFO">Typing text 'secret_sauce' into text field 'id=password'.</msg>
<arg>${LOGIN_PASSWORD}</arg>
<arg>${password}</arg>
<doc>Types the given ``text`` into the text field identified by ``locator``.</doc>
<status status="PASS" start="2025-04-08T15:24:27.329959" elapsed="0.040798"/>
</kw>
<arg>${VALID_PASSWORD}</arg>
<status status="PASS" start="2025-04-08T15:24:27.329674" elapsed="0.041193"/>
</kw>
<kw name="Click Login Button" owner="LoginPage">
<kw name="Click Button" owner="SeleniumLibrary">
<msg time="2025-04-08T15:24:27.371375" level="INFO">Clicking button 'id=login-button'.</msg>
<arg>${LOGIN_BUTTON}</arg>
<doc>Clicks the button identified by ``locator``.</doc>
<status status="PASS" start="2025-04-08T15:24:27.371230" elapsed="0.058112"/>
</kw>
<status status="PASS" start="2025-04-08T15:24:27.371020" elapsed="0.058428"/>
</kw>
<status status="PASS" start="2025-04-08T15:24:27.265680" elapsed="0.163810"/>
</kw>
<kw name="Add First Product To Cart" owner="ProductPage">
<kw name="Click Button" owner="SeleniumLibrary">
<msg time="2025-04-08T15:24:27.430288" level="INFO">Clicking button 'css=button.btn_inventory:first-of-type'.</msg>
<arg>${ADD_TO_CART_BUTTON}</arg>
<doc>Clicks the button identified by ``locator``.</doc>
<status status="PASS" start="2025-04-08T15:24:27.430100" elapsed="0.084333"/>
</kw>
<status status="PASS" start="2025-04-08T15:24:27.429830" elapsed="0.084717"/>
</kw>
<kw name="Go To Cart" owner="ProductPage">
<kw name="Click Element" owner="SeleniumLibrary">
<msg time="2025-04-08T15:24:27.515296" level="INFO">Clicking element 'css=.shopping_cart_link'.</msg>
<arg>${CART_LINK}</arg>
<doc>Click the element identified by ``locator``.</doc>
<status status="PASS" start="2025-04-08T15:24:27.515132" elapsed="0.040516"/>
</kw>
<status status="PASS" start="2025-04-08T15:24:27.514885" elapsed="0.040870"/>
</kw>
<kw name="Verify Cart Contains Items" owner="CartPage">
<kw name="Get Element Count" owner="SeleniumLibrary">
<msg time="2025-04-08T15:24:27.564918" level="INFO">${count} = 1</msg>
<var>${count}</var>
<arg>${CART_ITEM}</arg>
<doc>Returns the number of elements matching ``locator``.</doc>
<status status="PASS" start="2025-04-08T15:24:27.556370" elapsed="0.008589"/>
</kw>
<kw name="Should Be Equal As Numbers" owner="BuiltIn">
<msg time="2025-04-08T15:24:27.565282" level="INFO">Argument types are:
&lt;class 'int'&gt;
&lt;class 'str'&gt;</msg>
<arg>${count}</arg>
<arg>${expected_count}</arg>
<doc>Fails if objects are unequal after converting them to real numbers.</doc>
<status status="PASS" start="2025-04-08T15:24:27.565120" elapsed="0.000223"/>
</kw>
<arg>1</arg>
<status status="PASS" start="2025-04-08T15:24:27.556122" elapsed="0.009280"/>
</kw>
<kw name="Click Checkout Button" owner="CartPage">
<kw name="Click Button" owner="SeleniumLibrary">
<msg time="2025-04-08T15:24:27.566001" level="INFO">Clicking button 'id=checkout'.</msg>
<arg>${CHECKOUT_BUTTON}</arg>
<doc>Clicks the button identified by ``locator``.</doc>
<status status="PASS" start="2025-04-08T15:24:27.565853" elapsed="0.046086"/>
</kw>
<status status="PASS" start="2025-04-08T15:24:27.565668" elapsed="0.046377"/>
</kw>
<kw name="Fill Checkout Information" owner="CheckoutPage">
<kw name="Input Text" owner="SeleniumLibrary">
<msg time="2025-04-08T15:24:27.612829" level="INFO">Typing text 'John' into text field 'id=first-name'.</msg>
<arg>${CHECKOUT_FIRSTNAME}</arg>
<arg>${firstname}</arg>
<doc>Types the given ``text`` into the text field identified by ``locator``.</doc>
<status status="PASS" start="2025-04-08T15:24:27.612667" elapsed="0.044665"/>
</kw>
<kw name="Input Text" owner="SeleniumLibrary">
<msg time="2025-04-08T15:24:27.657705" level="INFO">Typing text 'Doe' into text field 'id=last-name'.</msg>
<arg>${CHECKOUT_LASTNAME}</arg>
<arg>${lastname}</arg>
<doc>Types the given ``text`` into the text field identified by ``locator``.</doc>
<status status="PASS" start="2025-04-08T15:24:27.657496" elapsed="0.041022"/>
</kw>
<kw name="Input Text" owner="SeleniumLibrary">
<msg time="2025-04-08T15:24:27.698908" level="INFO">Typing text '12345' into text field 'id=postal-code'.</msg>
<arg>${CHECKOUT_ZIPCODE}</arg>
<arg>${zipcode}</arg>
<doc>Types the given ``text`` into the text field identified by ``locator``.</doc>
<status status="PASS" start="2025-04-08T15:24:27.698691" elapsed="0.038961"/>
</kw>
<arg>John</arg>
<arg>Doe</arg>
<arg>12345</arg>
<status status="PASS" start="2025-04-08T15:24:27.612390" elapsed="0.125362"/>
</kw>
<kw name="Click Continue Button" owner="CheckoutPage">
<kw name="Click Button" owner="SeleniumLibrary">
<msg time="2025-04-08T15:24:27.738549" level="INFO">Clicking button 'id=continue'.</msg>
<arg>${CHECKOUT_CONTINUE_BTN}</arg>
<doc>Clicks the button identified by ``locator``.</doc>
<status status="PASS" start="2025-04-08T15:24:27.738393" elapsed="0.044503"/>
</kw>
<status status="PASS" start="2025-04-08T15:24:27.738173" elapsed="0.044824"/>
</kw>
<kw name="Click Finish Button" owner="CheckoutPage">
<kw name="Click Button" owner="SeleniumLibrary">
<msg time="2025-04-08T15:24:27.783618" level="INFO">Clicking button 'id=finish'.</msg>
<arg>${CHECKOUT_FINISH_BTN}</arg>
<doc>Clicks the button identified by ``locator``.</doc>
<status status="PASS" start="2025-04-08T15:24:27.783471" elapsed="0.042260"/>
</kw>
<status status="PASS" start="2025-04-08T15:24:27.783270" elapsed="0.042595"/>
</kw>
<kw name="Verify Order Confirmation" owner="CheckoutPage">
<kw name="Wait Until Element Is Visible" owner="SeleniumLibrary">
<arg>${CONFIRMATION_HEADER}</arg>
<doc>Waits until the element ``locator`` is visible.</doc>
<status status="PASS" start="2025-04-08T15:24:27.826730" elapsed="0.036763"/>
</kw>
<kw name="Element Should Contain" owner="SeleniumLibrary">
<msg time="2025-04-08T15:24:27.874988" level="INFO">Element 'css=.complete-header' contains text 'Thank you for your order!'.</msg>
<arg>${CONFIRMATION_HEADER}</arg>
<arg>Thank you for your order!</arg>
<doc>Verifies that element ``locator`` contains text ``expected``.</doc>
<status status="PASS" start="2025-04-08T15:24:27.863664" elapsed="0.011403"/>
</kw>
<status status="PASS" start="2025-04-08T15:24:27.826493" elapsed="0.048807"/>
</kw>
<kw name="Mon Teardown" owner="SetupTeardow" type="TEARDOWN">
<kw name="Close Browser" owner="SeleniumLibrary">
<doc>Closes the current browser.</doc>
<status status="PASS" start="2025-04-08T15:24:27.875925" elapsed="2.079224"/>
</kw>
<status status="PASS" start="2025-04-08T15:24:27.875705" elapsed="2.079740"/>
</kw>
<status status="PASS" start="2025-04-08T15:24:25.175654" elapsed="4.780389"/>
</test>
<status status="PASS" start="2025-04-08T15:24:24.991559" elapsed="4.967030"/>
</suite>
<suite id="s1-s2" name="LoginPageTest" source="C:\Users\IB\Desktop\dev\TP\RobotFrameWork\POM\tests\LoginPageTest.robot">
<test id="s1-s2-t1" name="Valid Login Should Redirect To Products Page" line="11">
<kw name="Mon Setup" owner="SetupTeardow" type="SETUP">
<kw name="Open Login Page" owner="LoginPage">
<kw name="Open Browser" owner="SeleniumLibrary">
<msg time="2025-04-08T15:24:29.963208" level="INFO">Opening browser 'headlesschrome' to base url 'https://www.saucedemo.com'.</msg>
<arg>${URL}</arg>
<arg>${BROWSER}</arg>
<doc>Opens a new browser instance to the optional ``url``.</doc>
<status status="PASS" start="2025-04-08T15:24:29.963084" elapsed="2.571838"/>
</kw>
<kw name="Maximize Browser Window" owner="SeleniumLibrary">
<doc>Maximizes current browser window.</doc>
<status status="PASS" start="2025-04-08T15:24:32.535099" elapsed="0.029658"/>
</kw>
<status status="PASS" start="2025-04-08T15:24:29.962947" elapsed="2.601912"/>
</kw>
<status status="PASS" start="2025-04-08T15:24:29.962785" elapsed="2.602119"/>
</kw>
<kw name="Insert Username" owner="LoginPage">
<kw name="Input Text" owner="SeleniumLibrary">
<msg time="2025-04-08T15:24:32.565688" level="INFO">Typing text 'standard_user' into text field 'id=user-name'.</msg>
<arg>${LOGIN_USERNAME}</arg>
<arg>${username}</arg>
<doc>Types the given ``text`` into the text field identified by ``locator``.</doc>
<status status="PASS" start="2025-04-08T15:24:32.565525" elapsed="0.067175"/>
</kw>
<arg>${VALID_USERNAME}</arg>
<status status="PASS" start="2025-04-08T15:24:32.565254" elapsed="0.067548"/>
</kw>
<kw name="Insert Password" owner="LoginPage">
<kw name="Input Text" owner="SeleniumLibrary">
<msg time="2025-04-08T15:24:32.633571" level="INFO">Typing text 'secret_sauce' into text field 'id=password'.</msg>
<arg>${LOGIN_PASSWORD}</arg>
<arg>${password}</arg>
<doc>Types the given ``text`` into the text field identified by ``locator``.</doc>
<status status="PASS" start="2025-04-08T15:24:32.633409" elapsed="0.047612"/>
</kw>
<arg>${VALID_PASSWORD}</arg>
<status status="PASS" start="2025-04-08T15:24:32.633154" elapsed="0.047990"/>
</kw>
<kw name="Click Login Button" owner="LoginPage">
<kw name="Click Button" owner="SeleniumLibrary">
<msg time="2025-04-08T15:24:32.681939" level="INFO">Clicking button 'id=login-button'.</msg>
<arg>${LOGIN_BUTTON}</arg>
<doc>Clicks the button identified by ``locator``.</doc>
<status status="PASS" start="2025-04-08T15:24:32.681758" elapsed="0.059337"/>
</kw>
<status status="PASS" start="2025-04-08T15:24:32.681535" elapsed="0.059711"/>
</kw>
<kw name="Verify Products Page Is Displayed" owner="ProductPage">
<kw name="Wait Until Element Is Visible" owner="SeleniumLibrary">
<arg>${PRODUCTS_TITLE}</arg>
<doc>Waits until the element ``locator`` is visible.</doc>
<status status="PASS" start="2025-04-08T15:24:32.741922" elapsed="0.012614"/>
</kw>
<kw name="Element Should Contain" owner="SeleniumLibrary">
<msg time="2025-04-08T15:24:32.774203" level="INFO">Element 'css=.title' contains text 'Products'.</msg>
<arg>${PRODUCTS_TITLE}</arg>
<arg>Products</arg>
<doc>Verifies that element ``locator`` contains text ``expected``.</doc>
<status status="PASS" start="2025-04-08T15:24:32.754707" elapsed="0.019587"/>
</kw>
<status status="PASS" start="2025-04-08T15:24:32.741657" elapsed="0.032724"/>
</kw>
<kw name="Mon Teardown" owner="SetupTeardow" type="TEARDOWN">
<kw name="Close Browser" owner="SeleniumLibrary">
<doc>Closes the current browser.</doc>
<status status="PASS" start="2025-04-08T15:24:32.775028" elapsed="2.095113"/>
</kw>
<status status="PASS" start="2025-04-08T15:24:32.774795" elapsed="2.095630"/>
</kw>
<status status="PASS" start="2025-04-08T15:24:29.962521" elapsed="4.908513"/>
</test>
<test id="s1-s2-t2" name="Invalid Login Should Show Error Message" line="17">
<kw name="Mon Setup" owner="SetupTeardow" type="SETUP">
<kw name="Open Login Page" owner="LoginPage">
<kw name="Open Browser" owner="SeleniumLibrary">
<msg time="2025-04-08T15:24:34.876045" level="INFO">Opening browser 'headlesschrome' to base url 'https://www.saucedemo.com'.</msg>
<arg>${URL}</arg>
<arg>${BROWSER}</arg>
<doc>Opens a new browser instance to the optional ``url``.</doc>
<status status="PASS" start="2025-04-08T15:24:34.875590" elapsed="1.331033"/>
</kw>
<kw name="Maximize Browser Window" owner="SeleniumLibrary">
<doc>Maximizes current browser window.</doc>
<status status="PASS" start="2025-04-08T15:24:36.206816" elapsed="0.026643"/>
</kw>
<status status="PASS" start="2025-04-08T15:24:34.875041" elapsed="1.358533"/>
</kw>
<status status="PASS" start="2025-04-08T15:24:34.874368" elapsed="1.359257"/>
</kw>
<kw name="Insert Username" owner="LoginPage">
<kw name="Input Text" owner="SeleniumLibrary">
<msg time="2025-04-08T15:24:36.234390" level="INFO">Typing text 'standard_user' into text field 'id=user-name'.</msg>
<arg>${LOGIN_USERNAME}</arg>
<arg>${username}</arg>
<doc>Types the given ``text`` into the text field identified by ``locator``.</doc>
<status status="PASS" start="2025-04-08T15:24:36.234222" elapsed="0.071379"/>
</kw>
<arg>${VALID_USERNAME}</arg>
<status status="PASS" start="2025-04-08T15:24:36.233944" elapsed="0.071771"/>
</kw>
<kw name="Insert Password" owner="LoginPage">
<kw name="Input Text" owner="SeleniumLibrary">
<msg time="2025-04-08T15:24:36.306453" level="INFO">Typing text 'mauvais_mdp' into text field 'id=password'.</msg>
<arg>${LOGIN_PASSWORD}</arg>
<arg>${password}</arg>
<doc>Types the given ``text`` into the text field identified by ``locator``.</doc>
<status status="PASS" start="2025-04-08T15:24:36.306288" elapsed="0.044725"/>
</kw>
<arg>${INVALID_PASSWORD}</arg>
<status status="PASS" start="2025-04-08T15:24:36.306022" elapsed="0.045096"/>
</kw>
<kw name="Click Login Button" owner="LoginPage">
<kw name="Click Button" owner="SeleniumLibrary">
<msg time="2025-04-08T15:24:36.351863" level="INFO">Clicking button 'id=login-button'.</msg>
<arg>${LOGIN_BUTTON}</arg>
<doc>Clicks the button identified by ``locator``.</doc>
<status status="PASS" start="2025-04-08T15:24:36.351703" elapsed="0.046546"/>
</kw>
<status status="PASS" start="2025-04-08T15:24:36.351471" elapsed="0.046888"/>
</kw>
<kw name="Error Message Should Be Visible" owner="LoginPage">
<kw name="Element Should Be Visible" owner="SeleniumLibrary">
<msg time="2025-04-08T15:24:36.411167" level="INFO">Element 'class=error-button' is displayed.</msg>
<arg>${ERROR_MESSAGE}</arg>
<doc>Verifies that the element identified by ``locator`` is visible.</doc>
<status status="PASS" start="2025-04-08T15:24:36.398955" elapsed="0.012305"/>
</kw>
<status status="PASS" start="2025-04-08T15:24:36.398692" elapsed="0.012654"/>
</kw>
<kw name="Mon Teardown" owner="SetupTeardow" type="TEARDOWN">
<kw name="Close Browser" owner="SeleniumLibrary">
<doc>Closes the current browser.</doc>
<status status="PASS" start="2025-04-08T15:24:36.411884" elapsed="2.084102"/>
</kw>
<status status="PASS" start="2025-04-08T15:24:36.411680" elapsed="2.084414"/>
</kw>
<status status="PASS" start="2025-04-08T15:24:34.873220" elapsed="3.623192"/>
</test>
<status status="PASS" start="2025-04-08T15:24:29.959454" elapsed="8.537758"/>
</suite>
<suite id="s1-s3" name="ProductPageTest" source="C:\Users\IB\Desktop\dev\TP\RobotFrameWork\POM\tests\ProductPageTest.robot">
<test id="s1-s3-t1" name="Add Product To Cart Should Update Cart Badge" line="11">
<kw name="Mon Setup" owner="SetupTeardow" type="SETUP">
<kw name="Open Login Page" owner="LoginPage">
<kw name="Open Browser" owner="SeleniumLibrary">
<msg time="2025-04-08T15:24:38.501966" level="INFO">Opening browser 'headlesschrome' to base url 'https://www.saucedemo.com'.</msg>
<arg>${URL}</arg>
<arg>${BROWSER}</arg>
<doc>Opens a new browser instance to the optional ``url``.</doc>
<status status="PASS" start="2025-04-08T15:24:38.501842" elapsed="1.539854"/>
</kw>
<kw name="Maximize Browser Window" owner="SeleniumLibrary">
<doc>Maximizes current browser window.</doc>
<status status="PASS" start="2025-04-08T15:24:40.041899" elapsed="0.022867"/>
</kw>
<status status="PASS" start="2025-04-08T15:24:38.501696" elapsed="1.563168"/>
</kw>
<status status="PASS" start="2025-04-08T15:24:38.501457" elapsed="1.563450"/>
</kw>
<kw name="Login With Valid Credentials" owner="LoginPage">
<kw name="Insert Username" owner="LoginPage">
<kw name="Input Text" owner="SeleniumLibrary">
<msg time="2025-04-08T15:24:40.065787" level="INFO">Typing text 'standard_user' into text field 'id=user-name'.</msg>
<arg>${LOGIN_USERNAME}</arg>
<arg>${username}</arg>
<doc>Types the given ``text`` into the text field identified by ``locator``.</doc>
<status status="PASS" start="2025-04-08T15:24:40.065639" elapsed="0.069564"/>
</kw>
<arg>${VALID_USERNAME}</arg>
<status status="PASS" start="2025-04-08T15:24:40.065462" elapsed="0.069853"/>
</kw>
<kw name="Insert Password" owner="LoginPage">
<kw name="Input Text" owner="SeleniumLibrary">
<msg time="2025-04-08T15:24:40.135881" level="INFO">Typing text 'secret_sauce' into text field 'id=password'.</msg>
<arg>${LOGIN_PASSWORD}</arg>
<arg>${password}</arg>
<doc>Types the given ``text`` into the text field identified by ``locator``.</doc>
<status status="PASS" start="2025-04-08T15:24:40.135719" elapsed="0.045217"/>
</kw>
<arg>${VALID_PASSWORD}</arg>
<status status="PASS" start="2025-04-08T15:24:40.135460" elapsed="0.045589"/>
</kw>
<kw name="Click Login Button" owner="LoginPage">
<kw name="Click Button" owner="SeleniumLibrary">
<msg time="2025-04-08T15:24:40.181555" level="INFO">Clicking button 'id=login-button'.</msg>
<arg>${LOGIN_BUTTON}</arg>
<doc>Clicks the button identified by ``locator``.</doc>
<status status="PASS" start="2025-04-08T15:24:40.181399" elapsed="0.062695"/>
</kw>
<status status="PASS" start="2025-04-08T15:24:40.181195" elapsed="0.063010"/>
</kw>
<status status="PASS" start="2025-04-08T15:24:40.065251" elapsed="0.179021"/>
</kw>
<kw name="Add First Product To Cart" owner="ProductPage">
<kw name="Click Button" owner="SeleniumLibrary">
<msg time="2025-04-08T15:24:40.244980" level="INFO">Clicking button 'css=button.btn_inventory:first-of-type'.</msg>
<arg>${ADD_TO_CART_BUTTON}</arg>
<doc>Clicks the button identified by ``locator``.</doc>
<status status="PASS" start="2025-04-08T15:24:40.244831" elapsed="0.071457"/>
</kw>
<status status="PASS" start="2025-04-08T15:24:40.244591" elapsed="0.071799"/>
</kw>
<kw name="Verify Cart Badge Count" owner="ProductPage">
<kw name="Element Should Contain" owner="SeleniumLibrary">
<msg time="2025-04-08T15:24:40.330585" level="INFO">Element 'css=.shopping_cart_badge' contains text '1'.</msg>
<arg>${CART_BADGE}</arg>
<arg>${expected_count}</arg>
<doc>Verifies that element ``locator`` contains text ``expected``.</doc>
<status status="PASS" start="2025-04-08T15:24:40.316978" elapsed="0.013694"/>
</kw>
<arg>1</arg>
<status status="PASS" start="2025-04-08T15:24:40.316738" elapsed="0.014031"/>
</kw>
<kw name="Mon Teardown" owner="SetupTeardow" type="TEARDOWN">
<kw name="Close Browser" owner="SeleniumLibrary">
<doc>Closes the current browser.</doc>
<status status="PASS" start="2025-04-08T15:24:40.331309" elapsed="2.081476"/>
</kw>
<status status="PASS" start="2025-04-08T15:24:40.331103" elapsed="2.081976"/>
</kw>
<status status="PASS" start="2025-04-08T15:24:38.501191" elapsed="3.912521"/>
</test>
<status status="PASS" start="2025-04-08T15:24:38.498141" elapsed="3.917953"/>
</suite>
<status status="PASS" start="2025-04-08T15:24:24.971397" elapsed="17.447617"/>
</suite>
<statistics>
<total>
<stat pass="4" fail="0" skip="0">All Tests</stat>
</total>
<tag>
</tag>
<suite>
<stat name="Tests" id="s1" pass="4" fail="0" skip="0">Tests</stat>
<stat name="CheckoutPageTest" id="s1-s1" pass="1" fail="0" skip="0">Tests.CheckoutPageTest</stat>
<stat name="LoginPageTest" id="s1-s2" pass="2" fail="0" skip="0">Tests.LoginPageTest</stat>
<stat name="ProductPageTest" id="s1-s3" pass="1" fail="0" skip="0">Tests.ProductPageTest</stat>
</suite>
</statistics>
<errors>
</errors>
</robot>
